<?xml version="1.0" encoding="UTF-8"?><testsuite name="nosetests" tests="64" errors="0" failures="0" skip="1"><testcase classname="intelanalytics.tests.test_core_files.TestCsvFile" name="test_bad_schema_bad_name" time="0.000"></testcase><testcase classname="intelanalytics.tests.test_core_files.TestCsvFile" name="test_bad_schema_bad_type" time="0.000"></testcase><testcase classname="intelanalytics.tests.test_core_files.TestCsvFile" name="test_csv_attributes" time="0.000"></testcase><testcase classname="intelanalytics.tests.test_core_files.TestCsvFile" name="test_empty_schema" time="0.000"></testcase><testcase classname="intelanalytics.tests.test_core_files.TestCsvFile" name="test_field_names_and_types" time="0.000"></testcase><testcase classname="intelanalytics.tests.test_core_files.TestCsvFile" name="test_to_json" time="0.000"><skipped type="unittest.case.SkipTest" message="json serialization not ready"><![CDATA[SkipTest: json serialization not ready
]]></skipped></testcase><testcase classname="intelanalytics.tests.test_core_files.TestCsvFile" name="test_to_ordered_dict" time="0.000"></testcase><testcase classname="intelanalytics.tests.test_core_files.TestJsonFile" name="test_json_file" time="0.000"></testcase><testcase classname="intelanalytics.tests.test_core_files.TestXmlFile" name="test_xml_file" time="0.000"></testcase><testcase classname="intelanalytics.tests.test_core_frame.FrameConstruction" name="test_create" time="0.001"></testcase><testcase classname="intelanalytics.tests.test_core_frame.FrameConstruction" name="test_create_from_csv" time="0.001"></testcase><testcase classname="intelanalytics.tests.test_core_frame.FrameConstruction" name="test_del_column" time="0.001"></testcase><testcase classname="intelanalytics.tests.test_core_frame.FrameConstruction" name="test_del_column_with_list" time="0.001"></testcase><testcase classname="intelanalytics.tests.test_core_frame.FrameConstruction" name="test_iter" time="0.001"></testcase><testcase classname="intelanalytics.tests.test_core_frame.FrameConstruction" name="test_projection" time="0.002"></testcase><testcase classname="intelanalytics.tests.test_core_frame.FrameConstruction" name="test_rename" time="0.001"></testcase><testcase classname="intelanalytics.tests.test_core_frame.FrameConstruction" name="test_slice_columns_with_list" time="0.000"></testcase><testcase classname="intelanalytics.tests.test_core_types.SupportedTypes" name="test_supported_types" time="0.000"></testcase><testcase classname="intelanalytics.tests.test_core_types.SupportedTypes" name="test_supported_types_repr" time="0.000"></testcase><testcase classname="intelanalytics.tests.test_little_frame.TestLittleFrame" name="test_add_column_1" time="0.002"></testcase><testcase classname="intelanalytics.tests.test_little_frame.TestLittleFrame" name="test_add_column_2" time="0.003"></testcase><testcase classname="intelanalytics.tests.test_little_frame.TestLittleFrame" name="test_drop" time="0.002"></testcase><testcase classname="intelanalytics.tests.test_little_frame.TestLittleFrame" name="test_dropna_a" time="0.001"></testcase><testcase classname="intelanalytics.tests.test_little_frame.TestLittleFrame" name="test_dropna_all" time="0.002"></testcase><testcase classname="intelanalytics.tests.test_little_frame.TestLittleFrame" name="test_dropna_all_subset" time="0.002"></testcase><testcase classname="intelanalytics.tests.test_little_frame.TestLittleFrame" name="test_dropna_any_subset" time="0.002"></testcase><testcase classname="intelanalytics.tests.test_little_frame.TestLittleFrame" name="test_dropna_no_args" time="0.002"></testcase><testcase classname="intelanalytics.tests.test_little_frame.TestLittleFrame" name="test_filter" time="0.001"></testcase><testcase classname="intelanalytics.tests.test_little_frame.TestLittleFrame" name="test_get_names_from_schema" time="0.000"></testcase><testcase classname="intelanalytics.tests.test_little_frame.TestLittleFrame" name="test_get_pairs_from_schema" time="0.000"></testcase><testcase classname="intelanalytics.tests.test_little_frame.TestLittleFrame" name="test_remove_column" time="0.001"></testcase><testcase classname="intelanalytics.tests.test_little_frame.TestLittleFrame" name="test_remove_column_multiple" time="0.001"></testcase><testcase classname="intelanalytics.tests.test_little_frame.TestLittleFrame" name="test_rename_column" time="0.001"></testcase><testcase classname="intelanalytics.tests.test_little_frame.TestLittleFrame" name="test_rename_column_multiple_names" time="0.001"></testcase><testcase classname="intelanalytics.tests.test_little_frame.TestLittleFrame" name="test_simple_creation_and_repr" time="0.007"></testcase><testcase classname="intelanalytics.tests.test_little_frame.TestLittleFrame" name="test_take" time="0.001"></testcase><testcase classname="intelanalytics.tests.test_little_frame.TestLittleFrame" name="test_take_roundtrip" time="0.014"></testcase><testcase classname="intelanalytics.tests.test_rest_api.FrameConstruction" name="test_create_from_csv" time="0.000"></testcase><testcase classname="intelanalytics.tests.test_rest_connection.TestHttpMethods" name="test_delete" time="0.001"></testcase><testcase classname="intelanalytics.tests.test_rest_connection.TestHttpMethods" name="test_get" time="0.001"></testcase><testcase classname="intelanalytics.tests.test_rest_connection.TestHttpMethods" name="test_post" time="0.001"></testcase><testcase classname="intelanalytics.tests.test_rest_connection.TestRestConnection" name="test_connection_creation" time="0.000"></testcase><testcase classname="intelanalytics.tests.test_rest_connection.TestRestConnection" name="test_connection_get_url" time="0.000"></testcase><testcase classname="intelanalytics.tests.test_rest_connection.TestRestConnection" name="test_connection_get_url_2" time="0.000"></testcase><testcase classname="intelanalytics.tests.test_rest_connection.TestRestConnection" name="test_connection_repr" time="0.000"></testcase><testcase classname="intelanalytics.tests.test_rest_connection.TestRestConnection" name="test_invalid_ping" time="0.001"></testcase><testcase classname="intelanalytics.tests.test_rest_connection.TestRestConnection" name="test_invalid_ping_bad_info" time="0.001"></testcase><testcase classname="intelanalytics.tests.test_rest_connection.TestRestConnection" name="test_valid_ping" time="0.001"><system-out><![CDATA[Successful ping to Intel Analytics at http://good:7
]]></system-out></testcase><testcase classname="intelanalytics.tests.test_rest_frame.TestInspectionTable" name="test_inspect" time="0.001"></testcase><testcase classname="intelanalytics.tests.test_rest_row.TestRestRow" name="test_basic_access_simple_casting" time="0.000"></testcase><testcase classname="intelanalytics.tests.test_rest_row.TestRestRow" name="test_data_types" time="0.000"></testcase><testcase classname="intelanalytics.tests.test_rest_row.TestRestRow" name="test_subsequent_load" time="0.000"></testcase><testcase classname="intelanalytics.tests.test_serialize.TestIAPickle" name="test_builtin_type" time="0.000"></testcase><testcase classname="intelanalytics.tests.test_serialize.TestIAPickle" name="test_class_instance" time="0.001"></testcase><testcase classname="intelanalytics.tests.test_serialize.TestIAPickle" name="test_closure" time="0.001"></testcase><testcase classname="intelanalytics.tests.test_serialize.TestIAPickle" name="test_complex_lambdas" time="0.002"></testcase><testcase classname="intelanalytics.tests.test_serialize.TestIAPickle" name="test_dependent_lambdas" time="0.010"></testcase><testcase classname="intelanalytics.tests.test_serialize.TestIAPickle" name="test_func_def" time="0.001"></testcase><testcase classname="intelanalytics.tests.test_serialize.TestIAPickle" name="test_lambda" time="0.000"></testcase><testcase classname="intelanalytics.tests.test_serialize.TestIAPickle" name="test_numpy_import" time="0.001"></testcase><testcase classname="intelanalytics.tests.test_sources.TestSimpleDataSource" name="test_to_pandas_dataframe_using_columns" time="0.004"></testcase><testcase classname="intelanalytics.tests.test_sources.TestSimpleDataSource" name="test_to_pandas_dataframe_using_rows" time="0.004"></testcase><testcase classname="intelanalytics.tests.test_webhook.WebHook" name="test_launch" time="0.007"></testcase><testcase classname="intelanalytics.tests.test_webhook.WebHook" name="test_message_immutable" time="0.000"></testcase></testsuite>